> Task :app:preBuild UP-TO-DATE
> Task :app:preDebugBuild UP-TO-DATE
> Task :app:mergeDebugNativeDebugMetadata NO-SOURCE
> Task :app:checkKotlinGradlePluginConfigurationErrors SKIPPED
> Task :app:checkDebugAarMetadata UP-TO-DATE
> Task :app:processDebugNavigationResources UP-TO-DATE
> Task :app:compileDebugNavigationResources UP-TO-DATE
> Task :app:generateDebugResValues UP-TO-DATE
> Task :app:processDebugGoogleServices UP-TO-DATE
> Task :app:mapDebugSourceSetPaths UP-TO-DATE
> Task :app:generateDebugResources UP-TO-DATE
> Task :app:mergeDebugResources UP-TO-DATE
> Task :app:packageDebugResources UP-TO-DATE
> Task :app:parseDebugLocalResources UP-TO-DATE
> Task :app:createDebugCompatibleScreenManifests UP-TO-DATE
> Task :app:extractDeepLinksDebug UP-TO-DATE
> Task :app:processDebugMainManifest UP-TO-DATE
> Task :app:processDebugManifest UP-TO-DATE
> Task :app:processDebugManifestForPackage UP-TO-DATE
> Task :app:processDebugResources UP-TO-DATE
> Task :app:javaPreCompileDebug UP-TO-DATE
> Task :app:mergeDebugShaders UP-TO-DATE
> Task :app:compileDebugShaders NO-SOURCE
> Task :app:generateDebugAssets UP-TO-DATE
> Task :app:mergeDebugAssets UP-TO-DATE
> Task :app:compressDebugAssets UP-TO-DATE
> Task :app:checkDebugDuplicateClasses UP-TO-DATE
> Task :app:desugarDebugFileDependencies UP-TO-DATE
> Task :app:mergeExtDexDebug UP-TO-DATE
> Task :app:mergeLibDexDebug UP-TO-DATE
> Task :app:mergeDebugJniLibFolders UP-TO-DATE
> Task :app:mergeDebugNativeLibs UP-TO-DATE
> Task :app:stripDebugDebugSymbols UP-TO-DATE
> Task :app:validateSigningDebug UP-TO-DATE
> Task :app:writeDebugAppMetadata UP-TO-DATE
> Task :app:writeDebugSigningConfigVersions UP-TO-DATE

> Task :app:compileDebugKotlin FAILED
e: file:///C:/Users/Mosbeh%20Eya/Desktop/karhebti-android-gestionVoitures/app/src/main/java/com/example/karhebti_android/ui/screens/BreakdownHistoryScreen.kt:12:43 Cannot access 'val RowColumnParentData?.weight: Float': it is internal in file.
e: file:///C:/Users/Mosbeh%20Eya/Desktop/karhebti-android-gestionVoitures/app/src/main/java/com/example/karhebti_android/ui/screens/BreakdownHistoryScreen.kt:21:35 Unresolved reference 'icons'.
e: file:///C:/Users/Mosbeh%20Eya/Desktop/karhebti-android-gestionVoitures/app/src/main/java/com/example/karhebti_android/ui/screens/BreakdownHistoryScreen.kt:22:35 Unresolved reference 'icons'.
e: file:///C:/Users/Mosbeh%20Eya/Desktop/karhebti-android-gestionVoitures/app/src/main/java/com/example/karhebti_android/ui/screens/BreakdownHistoryScreen.kt:101:48 Unresolved reference 'Icons'.
e: file:///C:/Users/Mosbeh%20Eya/Desktop/karhebti-android-gestionVoitures/app/src/main/java/com/example/karhebti_android/ui/screens/HistoryScreen.kt:16:37 Unresolved reference 'jitsi'.
e: file:///C:/Users/Mosbeh%20Eya/Desktop/karhebti-android-gestionVoitures/app/src/main/java/com/example/karhebti_android/ui/screens/JitsiCallActivity.kt:26:12 Unresolved reference 'jitsi'.
e: file:///C:/Users/Mosbeh%20Eya/Desktop/karhebti-android-gestionVoitures/app/src/main/java/com/example/karhebti_android/ui/screens/JitsiCallActivity.kt:27:12 Unresolved reference 'jitsi'.
e: file:///C:/Users/Mosbeh%20Eya/Desktop/karhebti-android-gestionVoitures/app/src/main/java/com/example/karhebti_android/ui/screens/JitsiCallActivity.kt:28:12 Unresolved reference 'jitsi'.
e: file:///C:/Users/Mosbeh%20Eya/Desktop/karhebti-android-gestionVoitures/app/src/main/java/com/example/karhebti_android/ui/screens/JitsiCallActivity.kt:64:34 Unresolved reference 'JitsiMeetConferenceOptions'.
e: file:///C:/Users/Mosbeh%20Eya/Desktop/karhebti-android-gestionVoitures/app/src/main/java/com/example/karhebti_android/ui/screens/JitsiCallActivity.kt:68:13 Unresolved reference 'JitsiMeet'.
e: file:///C:/Users/Mosbeh%20Eya/Desktop/karhebti-android-gestionVoitures/app/src/main/java/com/example/karhebti_android/ui/screens/JitsiCallActivity.kt:106:27 Unresolved reference 'JitsiMeetConferenceOptions'.
e: file:///C:/Users/Mosbeh%20Eya/Desktop/karhebti-android-gestionVoitures/app/src/main/java/com/example/karhebti_android/ui/screens/JitsiCallActivity.kt:115:13 Unresolved reference 'JitsiMeetActivity'.

FAILURE: Build failed with an exception.

* What went wrong:
Execution failed for task ':app:compileDebugKotlin'.
> A failure occurred while executing org.jetbrains.kotlin.compilerRunner.GradleCompilerRunnerWithWorkers$GradleKotlinCompilerWorkAction
   > Compilation error. See log for more details

31 actionable tasks: 1 executed, 30 up-to-date
* Try:
> Run with --stacktrace option to get the stack trace.
> Run with --info or --debug option to get more log output.
> Run with --scan to get full insights.
> Get more help at https://help.gradle.org.

BUILD FAILED in 4s
